<?xml version="1.0" encoding="UTF-8"?>
<!-- Generated by org.testng.reporters.JUnitReportReporter -->
<testsuite hostname="LTIN654285" failures="0" tests="1" name="com.car.base.CarBaseTest" time="6.745" errors="0" timestamp="2025-08-20T10:02:09 IST" skipped="0">
  <testcase classname="com.car.base.CarBaseTest" name="testMayBe" time="6.745"/>
</testsuite> <!-- com.car.base.CarBaseTest -->
